build/outputs/logs/manifest-merger-debug-report.txt
-- Merging decision tree log ---
manifest
ADDED from GameSDK\AndroidManifest.xml:2:1-92:12
	xmlns:android
		ADDED from GameSDK\AndroidManifest.xml:3:5-63
	package
		ADDED from GameSDK\AndroidManifest.xml:4:5-27
	android:versionName
		ADDED from GameSDK\AndroidManifest.xml:6:5-30
		INJECTED from GameSDK\AndroidManifest.xml
		INJECTED from GameSDK\AndroidManifest.xml
	android:versionCode
		ADDED from GameSDK\AndroidManifest.xml:5:5-28
		INJECTED from GameSDK\AndroidManifest.xml
		INJECTED from GameSDK\AndroidManifest.xml
uses-sdk
ADDED from GameSDK\AndroidManifest.xml:8:5-10:41
	android:targetSdkVersion
		ADDED from GameSDK\AndroidManifest.xml:10:9-38
	android:minSdkVersion
		ADDED from GameSDK\AndroidManifest.xml:9:9-35
uses-permission#android.permission.WRITE_EXTERNAL_STORAGE
ADDED from GameSDK\AndroidManifest.xml:12:5-81
	android:name
		ADDED from GameSDK\AndroidManifest.xml:12:22-78
uses-permission#android.permission.READ_PHONE_STATE
ADDED from GameSDK\AndroidManifest.xml:13:5-75
	android:name
		ADDED from GameSDK\AndroidManifest.xml:13:22-72
uses-permission#android.permission.READ_EXTERNAL_STORAGE
ADDED from GameSDK\AndroidManifest.xml:14:5-80
	android:name
		ADDED from GameSDK\AndroidManifest.xml:14:22-77
uses-permission#android.permission.INTERNET
ADDED from GameSDK\AndroidManifest.xml:15:5-67
	android:name
		ADDED from GameSDK\AndroidManifest.xml:15:22-64
uses-permission#android.permission.ACCESS_NETWORK_STATE
ADDED from GameSDK\AndroidManifest.xml:17:5-79
	android:name
		ADDED from GameSDK\AndroidManifest.xml:17:22-76
uses-permission#android.permission.ACCESS_WIFI_STATE
ADDED from GameSDK\AndroidManifest.xml:18:5-76
	android:name
		ADDED from GameSDK\AndroidManifest.xml:18:22-73
uses-permission#android.permission.CHANGE_NETWORK_STATE
ADDED from GameSDK\AndroidManifest.xml:19:5-79
	android:name
		ADDED from GameSDK\AndroidManifest.xml:19:22-76
uses-permission#android.permission.SYSTEM_ALERT_WINDOW
ADDED from GameSDK\AndroidManifest.xml:21:5-77
	android:name
		ADDED from GameSDK\AndroidManifest.xml:21:22-75
application
ADDED from GameSDK\AndroidManifest.xml:23:5-90:19
	android:label
		ADDED from GameSDK\AndroidManifest.xml:26:9-41
	android:allowBackup
		ADDED from GameSDK\AndroidManifest.xml:24:9-35
	android:icon
		ADDED from GameSDK\AndroidManifest.xml:25:9-45
	android:theme
		ADDED from GameSDK\AndroidManifest.xml:27:9-40
	android:name
		ADDED from GameSDK\AndroidManifest.xml:28:9-40
meta-data#channel
ADDED from GameSDK\AndroidManifest.xml:30:9-77
	android:name
		ADDED from GameSDK\AndroidManifest.xml:30:20-42
	android:value
		ADDED from GameSDK\AndroidManifest.xml:30:43-74
activity#com.game.sdk.MainActivity
ADDED from GameSDK\AndroidManifest.xml:32:9-42:20
	android:screenOrientation
		ADDED from GameSDK\AndroidManifest.xml:36:13-55
	android:label
		ADDED from GameSDK\AndroidManifest.xml:34:13-45
	android:theme
		ADDED from GameSDK\AndroidManifest.xml:35:13-66
	android:name
		ADDED from GameSDK\AndroidManifest.xml:33:13-41
intent-filter#android.intent.action.MAIN+android.intent.category.LAUNCHER
ADDED from GameSDK\AndroidManifest.xml:37:13-41:29
action#android.intent.action.MAIN
ADDED from GameSDK\AndroidManifest.xml:38:17-69
	android:name
		ADDED from GameSDK\AndroidManifest.xml:38:25-66
category#android.intent.category.LAUNCHER
ADDED from GameSDK\AndroidManifest.xml:40:17-77
	android:name
		ADDED from GameSDK\AndroidManifest.xml:40:27-74
activity#com.game.sdk.activity.UserActivity
ADDED from GameSDK\AndroidManifest.xml:43:9-45:57
	android:screenOrientation
		ADDED from GameSDK\AndroidManifest.xml:45:13-55
	android:theme
		ADDED from GameSDK\AndroidManifest.xml:44:13-72
	android:name
		ADDED from GameSDK\AndroidManifest.xml:43:19-56
activity#com.game.sdk.activity.PurchaseActivity
ADDED from GameSDK\AndroidManifest.xml:46:9-48:57
	android:screenOrientation
		ADDED from GameSDK\AndroidManifest.xml:48:13-55
	android:theme
		ADDED from GameSDK\AndroidManifest.xml:47:13-72
	android:name
		ADDED from GameSDK\AndroidManifest.xml:46:19-60
activity#com.ipaynow.plugin.presenter.PayMethodActivity
ADDED from GameSDK\AndroidManifest.xml:51:9-57:20
	android:screenOrientation
		ADDED from GameSDK\AndroidManifest.xml:56:13-49
	android:configChanges
		ADDED from GameSDK\AndroidManifest.xml:53:13-63
	android:theme
		ADDED from GameSDK\AndroidManifest.xml:54:13-56
	android:exported
		ADDED from GameSDK\AndroidManifest.xml:55:13-37
	android:name
		ADDED from GameSDK\AndroidManifest.xml:52:13-74
activity#com.unionpay.uppay.PayActivity
ADDED from GameSDK\AndroidManifest.xml:59:9-64:58
	android:windowSoftInputMode
		ADDED from GameSDK\AndroidManifest.xml:64:13-55
	android:screenOrientation
		ADDED from GameSDK\AndroidManifest.xml:63:13-49
	android:configChanges
		ADDED from GameSDK\AndroidManifest.xml:61:13-63
	android:excludeFromRecents
		ADDED from GameSDK\AndroidManifest.xml:62:13-46
	android:name
		ADDED from GameSDK\AndroidManifest.xml:60:13-58
activity#com.alipay.sdk.app.H5PayActivity
ADDED from GameSDK\AndroidManifest.xml:66:9-71:20
	android:screenOrientation
		ADDED from GameSDK\AndroidManifest.xml:70:13-47
	android:configChanges
		ADDED from GameSDK\AndroidManifest.xml:68:13-74
	android:exported
		ADDED from GameSDK\AndroidManifest.xml:69:13-37
	android:name
		ADDED from GameSDK\AndroidManifest.xml:67:13-60
activity#com.alipay.sdk.auth.AuthActivity
ADDED from GameSDK\AndroidManifest.xml:72:9-77:20
	android:screenOrientation
		ADDED from GameSDK\AndroidManifest.xml:76:13-47
	android:configChanges
		ADDED from GameSDK\AndroidManifest.xml:74:13-74
	android:exported
		ADDED from GameSDK\AndroidManifest.xml:75:13-37
	android:name
		ADDED from GameSDK\AndroidManifest.xml:73:13-60
activity#com.ipaynow.plugin.inner_plugin.wechatwp.activity.WeChatNotifyActivity
ADDED from GameSDK\AndroidManifest.xml:79:9-85:62
	android:screenOrientation
		ADDED from GameSDK\AndroidManifest.xml:84:13-47
	android:configChanges
		ADDED from GameSDK\AndroidManifest.xml:81:13-85
	android:theme
		ADDED from GameSDK\AndroidManifest.xml:85:13-59
	android:exported
		ADDED from GameSDK\AndroidManifest.xml:82:13-37
	android:name
		ADDED from GameSDK\AndroidManifest.xml:80:13-98
	android:launchMode
		ADDED from GameSDK\AndroidManifest.xml:83:13-43
service#com.game.sdk.activity.widget.FloatWindowService
ADDED from GameSDK\AndroidManifest.xml:88:9-70
	android:name
		ADDED from GameSDK\AndroidManifest.xml:88:18-68